Extracting /home1/04867/MNIST/train-images-idx3-ubyte.gz
Extracting /home1/04867/MNIST/train-labels-idx1-ubyte.gz
Extracting /home1/04867/MNIST/t10k-images-idx3-ubyte.gz
Extracting /home1/04867/MNIST/t10k-labels-idx1-ubyte.gz
Training starts.... arsm
0 train_cost= 228.3506 with std= 77.913506 valid_cost= 194.27898
1 train_cost= 182.08563 with std= 10.368132 valid_cost= 164.03807
2 train_cost= 158.00664 with std= 4.421995 valid_cost= 151.02142
3 train_cost= 147.49739 with std= 3.3341658 valid_cost= 142.96425
4 train_cost= 140.60207 with std= 3.2298698 valid_cost= 136.9485
5 train_cost= 135.41971 with std= 3.0390747 valid_cost= 132.37164
6 train_cost= 131.27295 with std= 2.9457064 valid_cost= 128.75604
7 train_cost= 128.17097 with std= 2.6166685 valid_cost= 126.2136
8 train_cost= 125.68903 with std= 2.684504 valid_cost= 123.98778
9 train_cost= 123.70133 with std= 3.084544 valid_cost= 122.13532
10 train_cost= 121.90622 with std= 2.7430787 valid_cost= 120.67861
11 train_cost= 120.39006 with std= 2.555021 valid_cost= 118.83132
12 train_cost= 118.962364 with std= 2.6629586 valid_cost= 117.882324
13 train_cost= 117.80891 with std= 2.494637 valid_cost= 116.84
14 train_cost= 116.7255 with std= 2.4104924 valid_cost= 115.80741
15 train_cost= 115.76408 with std= 2.4875638 valid_cost= 114.65594
16 train_cost= 114.79787 with std= 2.396582 valid_cost= 113.74117
17 train_cost= 114.09366 with std= 2.38949 valid_cost= 113.714424
18 train_cost= 113.35061 with std= 2.35836 valid_cost= 113.02882
19 train_cost= 112.85997 with std= 2.1905608 valid_cost= 112.281975
20 train_cost= 112.18172 with std= 2.3298023 valid_cost= 111.50069
21 train_cost= 111.69347 with std= 2.33646 valid_cost= 110.851265
22 train_cost= 111.02871 with std= 2.1074576 valid_cost= 110.95072
23 train_cost= 110.67457 with std= 2.2797008 valid_cost= 110.2772
24 train_cost= 110.18335 with std= 2.2594535 valid_cost= 109.88387
25 train_cost= 109.699684 with std= 2.2255778 valid_cost= 109.431274
26 train_cost= 109.294235 with std= 2.3512318 valid_cost= 109.2493
27 train_cost= 108.90686 with std= 2.296543 valid_cost= 108.663086
28 train_cost= 108.630936 with std= 2.311479 valid_cost= 108.82983
29 train_cost= 108.23321 with std= 2.1217432 valid_cost= 108.45135
30 train_cost= 108.00463 with std= 2.3506522 valid_cost= 107.95629
31 train_cost= 107.56673 with std= 2.32154 valid_cost= 107.56432
32 train_cost= 107.2985 with std= 2.2416399 valid_cost= 107.757484
33 train_cost= 106.988434 with std= 2.2477894 valid_cost= 107.156876
34 train_cost= 106.69539 with std= 2.2367506 valid_cost= 106.91426
35 train_cost= 106.379036 with std= 2.0694258 valid_cost= 106.67977
36 train_cost= 106.230484 with std= 2.1708903 valid_cost= 106.41675
37 train_cost= 105.85067 with std= 2.2046587 valid_cost= 106.13383
38 train_cost= 105.74911 with std= 2.2788084 valid_cost= 106.04928
39 train_cost= 105.55454 with std= 2.1690013 valid_cost= 106.17763
40 train_cost= 105.27342 with std= 2.2600303 valid_cost= 105.56203
41 train_cost= 104.961845 with std= 2.2891846 valid_cost= 105.51709
42 train_cost= 104.80088 with std= 2.1725376 valid_cost= 105.262375
43 train_cost= 104.5895 with std= 2.272458 valid_cost= 105.24487
44 train_cost= 104.37104 with std= 2.1755097 valid_cost= 105.05776
45 train_cost= 104.113014 with std= 2.2253675 valid_cost= 104.80445
46 train_cost= 104.13148 with std= 2.1602483 valid_cost= 105.005775
47 train_cost= 103.733604 with std= 2.3722394 valid_cost= 104.3777
48 train_cost= 103.67936 with std= 2.1812398 valid_cost= 104.8724
49 train_cost= 103.51996 with std= 2.0057538 valid_cost= 104.18728
50 train_cost= 103.32028 with std= 2.2063797 valid_cost= 103.772385
51 train_cost= 103.054276 with std= 2.2652428 valid_cost= 104.03187
52 train_cost= 102.9314 with std= 2.0513945 valid_cost= 104.01357
53 train_cost= 102.85014 with std= 2.095625 valid_cost= 103.827805
54 train_cost= 102.72613 with std= 1.9336816 valid_cost= 103.51282
55 train_cost= 102.61724 with std= 2.1588936 valid_cost= 103.59054
56 train_cost= 102.35051 with std= 2.279019 valid_cost= 103.48276
57 train_cost= 102.2021 with std= 2.0518346 valid_cost= 102.96503
58 train_cost= 102.00065 with std= 2.0660331 valid_cost= 103.19294
59 train_cost= 101.935936 with std= 2.069158 valid_cost= 102.89939
60 train_cost= 101.752396 with std= 2.209016 valid_cost= 102.74175
61 train_cost= 101.62117 with std= 2.1993606 valid_cost= 102.71829
62 train_cost= 101.4929 with std= 2.14518 valid_cost= 102.38584
63 train_cost= 101.265594 with std= 2.06102 valid_cost= 102.6993
64 train_cost= 101.21915 with std= 2.1118581 valid_cost= 102.42822
65 train_cost= 101.193665 with std= 2.0833492 valid_cost= 102.4891
66 train_cost= 100.95073 with std= 2.0641491 valid_cost= 101.85818
67 train_cost= 100.824585 with std= 2.1079245 valid_cost= 102.08488
68 train_cost= 100.72147 with std= 2.0336523 valid_cost= 102.45985
69 train_cost= 100.5988 with std= 2.097249 valid_cost= 101.99186
70 train_cost= 100.50862 with std= 2.1945384 valid_cost= 101.903946
71 train_cost= 100.39088 with std= 2.0765097 valid_cost= 101.585
72 train_cost= 100.273735 with std= 2.1992908 valid_cost= 101.7324
73 train_cost= 100.14478 with std= 2.1151607 valid_cost= 101.576515
74 train_cost= 99.969055 with std= 2.237239 valid_cost= 101.35284
75 train_cost= 99.90317 with std= 2.0689774 valid_cost= 101.28554
76 train_cost= 99.79154 with std= 2.0292594 valid_cost= 101.37291
77 train_cost= 99.60382 with std= 2.0319185 valid_cost= 101.00243
78 train_cost= 99.62619 with std= 2.004724 valid_cost= 101.32453
79 train_cost= 99.55727 with std= 2.061343 valid_cost= 101.00445
80 train_cost= 99.29718 with std= 2.1786075 valid_cost= 100.7856
81 train_cost= 99.29775 with std= 2.084191 valid_cost= 100.774734
82 train_cost= 99.22836 with std= 2.121538 valid_cost= 100.67925
83 train_cost= 98.99871 with std= 2.0406663 valid_cost= 100.57098
84 train_cost= 98.944626 with std= 2.095165 valid_cost= 100.60646
85 train_cost= 98.89056 with std= 2.0447052 valid_cost= 100.4724
86 train_cost= 98.78423 with std= 2.0403945 valid_cost= 100.3746
87 train_cost= 98.71197 with std= 2.2301683 valid_cost= 100.54163
88 train_cost= 98.61902 with std= 1.9078417 valid_cost= 100.5155
89 train_cost= 98.50291 with std= 1.9789459 valid_cost= 100.382935
90 train_cost= 98.43357 with std= 1.9719584 valid_cost= 100.083435
91 train_cost= 98.478264 with std= 2.0753286 valid_cost= 100.00346
92 train_cost= 98.19752 with std= 2.1246736 valid_cost= 99.998436
93 train_cost= 98.02775 with std= 2.0492742 valid_cost= 100.33155
94 train_cost= 98.04716 with std= 2.0265775 valid_cost= 100.04846
95 train_cost= 97.992386 with std= 2.1123085 valid_cost= 100.0747
96 train_cost= 97.937164 with std= 2.1293657 valid_cost= 100.197235
97 train_cost= 97.85107 with std= 1.994477 valid_cost= 99.68707
98 train_cost= 97.6672 with std= 1.9918414 valid_cost= 99.62882
99 train_cost= 97.69744 with std= 1.9569285 valid_cost= 99.72118
100 train_cost= 97.50084 with std= 1.9306616 valid_cost= 99.438126
101 train_cost= 97.486404 with std= 2.2177956 valid_cost= 99.365234
102 train_cost= 97.27366 with std= 2.1424115 valid_cost= 99.55308
103 train_cost= 97.21031 with std= 2.1805582 valid_cost= 99.21605
104 train_cost= 97.22987 with std= 1.8319687 valid_cost= 99.45906
105 train_cost= 97.157936 with std= 2.0022824 valid_cost= 99.10646
106 train_cost= 97.069115 with std= 2.2213457 valid_cost= 99.2343
107 train_cost= 97.03234 with std= 1.9192814 valid_cost= 99.06565
108 train_cost= 96.85875 with std= 2.0683427 valid_cost= 98.4149
109 train_cost= 96.829155 with std= 2.0326352 valid_cost= 99.05467
110 train_cost= 96.792656 with std= 1.9292501 valid_cost= 99.05066
111 train_cost= 96.63517 with std= 1.989007 valid_cost= 98.81588
112 train_cost= 96.57997 with std= 2.0510757 valid_cost= 98.81265
113 train_cost= 96.46953 with std= 2.100194 valid_cost= 98.78324
114 train_cost= 96.43921 with std= 1.9839448 valid_cost= 98.80314
115 train_cost= 96.32167 with std= 2.0270467 valid_cost= 98.3672
116 train_cost= 96.20584 with std= 1.8548676 valid_cost= 98.46735
117 train_cost= 96.14839 with std= 1.9901285 valid_cost= 98.36468
118 train_cost= 96.171104 with std= 2.0286717 valid_cost= 98.54228
119 train_cost= 96.15424 with std= 2.0873563 valid_cost= 98.34869
120 train_cost= 96.02101 with std= 2.0081222 valid_cost= 98.292435
121 train_cost= 95.885765 with std= 1.9423162 valid_cost= 97.97942
122 train_cost= 95.78638 with std= 1.9205997 valid_cost= 97.7563
123 train_cost= 95.73896 with std= 2.0386248 valid_cost= 98.45722
124 train_cost= 95.70689 with std= 2.0284472 valid_cost= 97.97931
125 train_cost= 95.59257 with std= 1.9998802 valid_cost= 97.83846
126 train_cost= 95.61513 with std= 2.0134325 valid_cost= 97.99948
127 train_cost= 95.605354 with std= 1.9140669 valid_cost= 97.82406
128 train_cost= 95.52956 with std= 2.0353305 valid_cost= 97.91431
129 train_cost= 95.4424 with std= 2.0670035 valid_cost= 97.70473
130 train_cost= 95.37213 with std= 1.8310432 valid_cost= 97.61977
131 train_cost= 95.259605 with std= 1.9336149 valid_cost= 97.64642
132 train_cost= 95.21638 with std= 1.9536891 valid_cost= 97.75057
133 train_cost= 95.14127 with std= 2.0995743 valid_cost= 97.5671
134 train_cost= 95.09635 with std= 1.8861514 valid_cost= 97.552734
135 train_cost= 94.995255 with std= 2.0365763 valid_cost= 97.36177
136 train_cost= 94.89483 with std= 2.0900838 valid_cost= 97.55069
137 train_cost= 94.961464 with std= 1.9941571 valid_cost= 97.31542
138 train_cost= 94.76122 with std= 1.9725724 valid_cost= 97.214035
139 train_cost= 94.64079 with std= 2.050091 valid_cost= 97.47074
140 train_cost= 94.90199 with std= 1.9156885 valid_cost= 97.250984
141 train_cost= 94.75357 with std= 1.8543013 valid_cost= 97.198715
142 train_cost= 94.64118 with std= 2.0341058 valid_cost= 97.13625
143 train_cost= 94.50261 with std= 1.9531071 valid_cost= 97.23541
144 train_cost= 94.528 with std= 1.8494529 valid_cost= 97.25199
145 train_cost= 94.452385 with std= 1.9515605 valid_cost= 96.83914
146 train_cost= 94.3645 with std= 2.0621467 valid_cost= 97.06542
147 train_cost= 94.44395 with std= 2.0093417 valid_cost= 96.97645
148 train_cost= 94.25029 with std= 2.056358 valid_cost= 96.70927
149 train_cost= 94.061455 with std= 1.9652739 valid_cost= 96.85335
150 train_cost= 93.990944 with std= 1.9484124 valid_cost= 97.08596
151 train_cost= 94.00958 with std= 1.7891302 valid_cost= 96.83832
152 train_cost= 93.95976 with std= 2.043132 valid_cost= 97.07207
153 train_cost= 93.902374 with std= 1.860916 valid_cost= 96.70335
154 train_cost= 93.86477 with std= 2.057261 valid_cost= 96.65504
155 train_cost= 93.7475 with std= 1.9415528 valid_cost= 96.69979
156 train_cost= 93.61899 with std= 1.8700333 valid_cost= 96.498764
157 train_cost= 93.721565 with std= 2.11238 valid_cost= 96.55131
158 train_cost= 93.637856 with std= 1.8965685 valid_cost= 96.24877
159 train_cost= 93.57489 with std= 1.9054226 valid_cost= 96.47864
160 train_cost= 93.52972 with std= 1.9121761 valid_cost= 96.36005
161 train_cost= 93.576904 with std= 2.0516312 valid_cost= 96.46655
162 train_cost= 93.42452 with std= 1.8372958 valid_cost= 96.37533
163 train_cost= 93.340706 with std= 1.8368236 valid_cost= 96.3408
164 train_cost= 93.35069 with std= 1.904372 valid_cost= 96.28552
165 train_cost= 93.35562 with std= 1.9131297 valid_cost= 96.199585
166 train_cost= 93.20774 with std= 1.8949207 valid_cost= 96.30151
167 train_cost= 93.24527 with std= 1.8842412 valid_cost= 96.32813
168 train_cost= 93.10883 with std= 1.9592984 valid_cost= 95.99172
169 train_cost= 93.07502 with std= 1.8777204 valid_cost= 96.1126
170 train_cost= 92.963264 with std= 1.840163 valid_cost= 96.17759
171 train_cost= 92.95652 with std= 1.8768663 valid_cost= 95.973236
172 train_cost= 92.88491 with std= 1.9233497 valid_cost= 95.76363
173 train_cost= 92.697975 with std= 2.0972934 valid_cost= 95.89407
174 train_cost= 92.77421 with std= 1.9493746 valid_cost= 95.67795
175 train_cost= 92.74494 with std= 1.9683923 valid_cost= 95.77112
176 train_cost= 92.64929 with std= 1.9026005 valid_cost= 95.709274
177 train_cost= 92.60896 with std= 1.9317998 valid_cost= 95.31586
178 train_cost= 92.5269 with std= 2.0194445 valid_cost= 95.87462
179 train_cost= 92.60098 with std= 1.9444193 valid_cost= 95.762634
180 train_cost= 92.44055 with std= 1.954893 valid_cost= 95.64993
181 train_cost= 92.41229 with std= 1.8206904 valid_cost= 95.53395
182 train_cost= 92.36905 with std= 1.8468126 valid_cost= 95.466385
183 train_cost= 92.24227 with std= 1.8354785 valid_cost= 95.65018
184 train_cost= 92.31138 with std= 1.8672165 valid_cost= 95.60988
185 train_cost= 92.26605 with std= 1.7824758 valid_cost= 95.36906
186 train_cost= 92.20286 with std= 1.928641 valid_cost= 95.17571
187 train_cost= 92.12265 with std= 1.7480626 valid_cost= 95.47972
188 train_cost= 92.162994 with std= 1.9141183 valid_cost= 95.30135
189 train_cost= 92.09967 with std= 1.8451539 valid_cost= 95.162315
190 train_cost= 92.09092 with std= 1.9139507 valid_cost= 95.33351
191 train_cost= 92.03197 with std= 1.8335129 valid_cost= 95.32825
192 train_cost= 92.03892 with std= 1.8496077 valid_cost= 95.34524
193 train_cost= 91.85439 with std= 1.8854055 valid_cost= 95.2712
194 train_cost= 91.74534 with std= 1.9435726 valid_cost= 95.31786
195 train_cost= 91.69614 with std= 1.9718995 valid_cost= 95.16667
196 train_cost= 91.729614 with std= 2.0287805 valid_cost= 95.10887
197 train_cost= 91.71639 with std= 2.0164225 valid_cost= 95.09571
198 train_cost= 91.71017 with std= 1.8856958 valid_cost= 95.20277
199 train_cost= 91.5972 with std= 1.9978633 valid_cost= 94.59749
200 train_cost= 91.54099 with std= 1.7166733 valid_cost= 94.881874
201 train_cost= 91.386665 with std= 1.9179963 valid_cost= 94.67182
202 train_cost= 91.47754 with std= 1.9564518 valid_cost= 94.7326
203 train_cost= 91.473 with std= 2.015775 valid_cost= 94.81524
204 train_cost= 91.4985 with std= 1.9568864 valid_cost= 94.85687
205 train_cost= 91.30479 with std= 1.7639673 valid_cost= 95.002365
206 train_cost= 91.33719 with std= 1.940191 valid_cost= 94.96693
207 train_cost= 91.31554 with std= 1.9575914 valid_cost= 94.62523
208 train_cost= 91.19469 with std= 1.7005563 valid_cost= 94.78057
209 train_cost= 91.148705 with std= 1.9570669 valid_cost= 94.847755
210 train_cost= 91.208824 with std= 1.8804299 valid_cost= 94.436325
211 train_cost= 91.04459 with std= 2.1014564 valid_cost= 94.62106
212 train_cost= 91.059235 with std= 1.8999099 valid_cost= 94.49916
213 train_cost= 91.022 with std= 1.9499801 valid_cost= 94.78005
214 train_cost= 91.025925 with std= 1.9120715 valid_cost= 94.56417
215 train_cost= 90.89348 with std= 1.8131788 valid_cost= 94.56642
216 train_cost= 90.79513 with std= 1.7960696 valid_cost= 94.37899
217 train_cost= 90.78747 with std= 1.8877435 valid_cost= 94.3578
218 train_cost= 90.90401 with std= 1.8825314 valid_cost= 94.56118
219 train_cost= 90.695984 with std= 1.7986156 valid_cost= 94.53006
220 train_cost= 90.660614 with std= 1.876949 valid_cost= 94.59321
221 train_cost= 90.71626 with std= 1.8029469 valid_cost= 94.244865
222 train_cost= 90.56599 with std= 1.7804766 valid_cost= 94.41541
223 train_cost= 90.53229 with std= 1.7983356 valid_cost= 94.2571
224 train_cost= 90.40627 with std= 1.8498647 valid_cost= 94.25818
225 train_cost= 90.496124 with std= 1.8023921 valid_cost= 94.357994
226 train_cost= 90.48625 with std= 1.8279878 valid_cost= 94.215744
227 train_cost= 90.299576 with std= 1.8776952 valid_cost= 94.28632
228 train_cost= 90.24064 with std= 1.9303201 valid_cost= 94.07026
229 train_cost= 90.25992 with std= 1.7948344 valid_cost= 94.079384
230 train_cost= 90.22349 with std= 1.8830659 valid_cost= 93.71868
231 train_cost= 90.20861 with std= 1.8457354 valid_cost= 93.97951
232 train_cost= 90.202156 with std= 1.8931137 valid_cost= 93.85471
233 train_cost= 90.15872 with std= 1.7967248 valid_cost= 93.943115
234 train_cost= 90.013435 with std= 1.8334079 valid_cost= 93.86564
235 train_cost= 90.04967 with std= 1.8533393 valid_cost= 94.113785
236 train_cost= 90.09154 with std= 1.8156722 valid_cost= 93.82535
237 train_cost= 89.93386 with std= 1.9251153 valid_cost= 93.73868
238 train_cost= 89.97925 with std= 1.8349202 valid_cost= 93.69151
239 train_cost= 89.95538 with std= 1.8356516 valid_cost= 93.60313
240 train_cost= 89.838974 with std= 1.8774009 valid_cost= 93.664314
241 train_cost= 89.86801 with std= 1.8920691 valid_cost= 93.71571
242 train_cost= 89.8131 with std= 1.8213803 valid_cost= 93.57065
243 train_cost= 89.75144 with std= 1.7558587 valid_cost= 93.84052
244 train_cost= 89.730865 with std= 1.8337932 valid_cost= 93.52038
245 train_cost= 89.678795 with std= 1.7469321 valid_cost= 93.44639
246 train_cost= 89.56568 with std= 1.9331628 valid_cost= 93.208786
247 train_cost= 89.57445 with std= 1.7217594 valid_cost= 93.664856
248 train_cost= 89.52016 with std= 1.8748362 valid_cost= 93.549
249 train_cost= 89.526985 with std= 1.7881242 valid_cost= 93.42791
250 train_cost= 89.51413 with std= 1.9412277 valid_cost= 93.29582
251 train_cost= 89.43844 with std= 1.7913146 valid_cost= 93.5334
252 train_cost= 89.35003 with std= 1.7033868 valid_cost= 93.23367
253 train_cost= 89.473366 with std= 1.8362358 valid_cost= 93.607544
254 train_cost= 89.362175 with std= 1.7329661 valid_cost= 93.49929
255 train_cost= 89.269585 with std= 1.8632749 valid_cost= 93.59965
256 train_cost= 89.30875 with std= 1.8566201 valid_cost= 93.19844
257 train_cost= 89.18271 with std= 1.9273224 valid_cost= 93.15945
258 train_cost= 89.19701 with std= 1.7961313 valid_cost= 93.178856
259 train_cost= 89.15562 with std= 1.7086897 valid_cost= 93.18315
260 train_cost= 89.09182 with std= 1.8862205 valid_cost= 93.21092
261 train_cost= 89.07698 with std= 1.881191 valid_cost= 93.336685
262 train_cost= 89.039986 with std= 1.9106435 valid_cost= 92.95034
263 train_cost= 89.01227 with std= 1.9046923 valid_cost= 92.99808
264 train_cost= 89.01282 with std= 2.0086362 valid_cost= 93.25527
265 train_cost= 88.940475 with std= 1.853168 valid_cost= 93.103
266 train_cost= 88.856224 with std= 1.84913 valid_cost= 92.91214
267 train_cost= 88.82841 with std= 1.6539985 valid_cost= 93.03595
268 train_cost= 88.873604 with std= 1.9224765 valid_cost= 93.01217
269 train_cost= 88.71057 with std= 1.905872 valid_cost= 92.784424
270 train_cost= 88.750145 with std= 1.8684626 valid_cost= 92.95984
271 train_cost= 88.84865 with std= 1.9746937 valid_cost= 92.87463
272 train_cost= 88.657455 with std= 1.8026204 valid_cost= 92.935356
273 train_cost= 88.658714 with std= 1.7309227 valid_cost= 92.84894
274 train_cost= 88.689804 with std= 1.830904 valid_cost= 92.8531
275 train_cost= 88.5434 with std= 1.9159658 valid_cost= 92.78619
276 train_cost= 88.52545 with std= 1.824371 valid_cost= 92.881615
277 train_cost= 88.687004 with std= 1.7794213 valid_cost= 92.72365
278 train_cost= 88.541435 with std= 1.7816069 valid_cost= 92.6456
279 train_cost= 88.6015 with std= 1.773699 valid_cost= 92.91344
280 train_cost= 88.65965 with std= 1.8365136 valid_cost= 92.737274
281 train_cost= 88.5968 with std= 1.7294214 valid_cost= 92.67751
282 train_cost= 88.423744 with std= 1.8102688 valid_cost= 92.64728
283 train_cost= 88.3109 with std= 1.8192861 valid_cost= 92.5581
284 train_cost= 88.314316 with std= 2.0426037 valid_cost= 92.39718
285 train_cost= 88.28294 with std= 1.6627463 valid_cost= 92.58858
286 train_cost= 88.13866 with std= 1.7654235 valid_cost= 92.499985
287 train_cost= 88.10001 with std= 1.8233895 valid_cost= 92.356186
288 train_cost= 88.246376 with std= 1.9319713 valid_cost= 92.47521
289 train_cost= 88.11247 with std= 1.7215496 valid_cost= 92.46189
290 train_cost= 88.07201 with std= 1.7479328 valid_cost= 92.66291
291 train_cost= 88.20129 with std= 1.8955072 valid_cost= 92.26764
292 train_cost= 88.13735 with std= 1.8134353 valid_cost= 92.53714
293 train_cost= 87.9172 with std= 1.6904373 valid_cost= 92.40876
294 train_cost= 87.98544 with std= 1.7845743 valid_cost= 92.38902
295 train_cost= 87.932274 with std= 1.7050061 valid_cost= 92.49056
296 train_cost= 87.966194 with std= 1.7869294 valid_cost= 92.27149
297 train_cost= 87.94155 with std= 1.8676203 valid_cost= 92.13592
298 train_cost= 87.88656 with std= 1.7939562 valid_cost= 92.290955
299 train_cost= 87.80026 with std= 1.8870202 valid_cost= 92.133514
300 train_cost= 87.84001 with std= 1.9229188 valid_cost= 92.158516
301 train_cost= 87.77128 with std= 1.783098 valid_cost= 92.41163
302 train_cost= 87.776535 with std= 1.826574 valid_cost= 91.87291
303 train_cost= 87.64743 with std= 1.9166574 valid_cost= 91.89436
304 train_cost= 87.6781 with std= 2.018657 valid_cost= 91.95252
305 train_cost= 87.67382 with std= 1.8096447 valid_cost= 92.077835
306 train_cost= 87.79336 with std= 1.7535847 valid_cost= 92.19526
307 train_cost= 87.76966 with std= 1.7582415 valid_cost= 92.15468
308 train_cost= 87.76993 with std= 1.7767351 valid_cost= 92.17505
309 train_cost= 87.60565 with std= 1.8040302 valid_cost= 91.92454
310 train_cost= 87.57102 with std= 1.9191228 valid_cost= 91.86081
311 train_cost= 87.480965 with std= 1.9179873 valid_cost= 91.985374
312 train_cost= 87.43876 with std= 1.7278835 valid_cost= 92.00866
313 train_cost= 87.45283 with std= 1.8389583 valid_cost= 91.7695
314 train_cost= 87.480934 with std= 1.8052628 valid_cost= 91.87201
315 train_cost= 87.35024 with std= 1.8495057 valid_cost= 92.16187
316 train_cost= 87.339035 with std= 1.9065533 valid_cost= 91.85787
317 train_cost= 87.349335 with std= 1.8731427 valid_cost= 91.70949
318 train_cost= 87.293045 with std= 1.8368012 valid_cost= 91.67746
319 train_cost= 87.23362 with std= 1.7756547 valid_cost= 91.60327
320 train_cost= 87.18598 with std= 1.7011645 valid_cost= 91.73159
321 train_cost= 87.11486 with std= 1.8738445 valid_cost= 91.723526
322 train_cost= 87.130745 with std= 1.7193983 valid_cost= 91.65943
323 train_cost= 87.09421 with std= 1.7738929 valid_cost= 91.639084
324 train_cost= 87.127754 with std= 1.8337566 valid_cost= 91.656685
325 train_cost= 87.06459 with std= 1.900804 valid_cost= 91.34543
326 train_cost= 87.0458 with std= 1.7950996 valid_cost= 91.602325
327 train_cost= 87.0256 with std= 1.844893 valid_cost= 91.85485
328 train_cost= 87.08025 with std= 1.8137531 valid_cost= 91.61494
329 train_cost= 86.97169 with std= 1.7372925 valid_cost= 91.54864
330 train_cost= 87.01583 with std= 1.8723191 valid_cost= 91.30557
331 train_cost= 87.04031 with std= 1.8781629 valid_cost= 91.780136
332 train_cost= 86.8362 with std= 1.7688693 valid_cost= 91.71341
333 train_cost= 86.94608 with std= 1.7229878 valid_cost= 91.80706
334 train_cost= 86.87353 with std= 1.748868 valid_cost= 91.416664
335 train_cost= 86.86425 with std= 1.6870869 valid_cost= 91.43285
336 train_cost= 86.774216 with std= 1.7861676 valid_cost= 91.290634
337 train_cost= 86.765526 with std= 1.6500909 valid_cost= 91.563
338 train_cost= 86.92133 with std= 1.8034205 valid_cost= 91.51668
339 train_cost= 86.866035 with std= 1.8414893 valid_cost= 91.584885
340 train_cost= 86.83517 with std= 1.6724969 valid_cost= 91.40374
341 train_cost= 86.69516 with std= 1.6618328 valid_cost= 91.47732
342 train_cost= 86.579994 with std= 1.6748286 valid_cost= 91.25825
343 train_cost= 86.60357 with std= 1.6877373 valid_cost= 91.22745
344 train_cost= 86.55106 with std= 1.6738058 valid_cost= 91.20855
345 train_cost= 86.47875 with std= 1.6410518 valid_cost= 91.171524
346 train_cost= 86.52976 with std= 1.7181549 valid_cost= 91.20037
347 train_cost= 86.51265 with std= 1.8510728 valid_cost= 90.89705
348 train_cost= 86.45866 with std= 1.7213036 valid_cost= 91.158455
349 train_cost= 86.41884 with std= 1.7458321 valid_cost= 91.06624
350 train_cost= 86.4981 with std= 1.7047092 valid_cost= 90.94282
351 train_cost= 86.32655 with std= 1.7241967 valid_cost= 91.18441
352 train_cost= 86.371796 with std= 1.7191311 valid_cost= 91.00905
353 train_cost= 86.28698 with std= 1.8204641 valid_cost= 90.980095
354 train_cost= 86.34487 with std= 1.6937127 valid_cost= 91.08306
355 train_cost= 86.265205 with std= 1.7182889 valid_cost= 91.03291
356 train_cost= 86.231 with std= 1.7300981 valid_cost= 90.875824
357 train_cost= 86.11483 with std= 1.7916152 valid_cost= 91.184166
358 train_cost= 86.13116 with std= 1.8966887 valid_cost= 91.04019
359 train_cost= 86.205055 with std= 1.8926792 valid_cost= 91.24284
360 train_cost= 86.14618 with std= 1.7637347 valid_cost= 91.04591
361 train_cost= 86.1472 with std= 1.7195421 valid_cost= 90.7511
362 train_cost= 86.11662 with std= 1.8027159 valid_cost= 90.773834
363 train_cost= 86.07268 with std= 1.7897348 valid_cost= 91.02383
364 train_cost= 86.105934 with std= 1.7948432 valid_cost= 90.84117
365 train_cost= 86.161865 with std= 1.6139405 valid_cost= 90.945
366 train_cost= 86.021065 with std= 1.6547567 valid_cost= 90.91489
367 train_cost= 85.99773 with std= 1.5573945 valid_cost= 90.64548
368 train_cost= 85.942474 with std= 1.7269214 valid_cost= 90.706566
369 train_cost= 85.92033 with std= 1.7819464 valid_cost= 90.73533
370 train_cost= 85.94061 with std= 1.7625679 valid_cost= 90.7598
371 train_cost= 85.82057 with std= 1.8205208 valid_cost= 90.386284
372 train_cost= 85.73497 with std= 1.6971897 valid_cost= 90.65236
373 train_cost= 85.82598 with std= 1.6940795 valid_cost= 90.626335
374 train_cost= 85.78539 with std= 1.7137043 valid_cost= 90.726326
375 train_cost= 85.68375 with std= 1.9321195 valid_cost= 90.63386
376 train_cost= 85.63949 with std= 1.6207416 valid_cost= 90.6771
377 train_cost= 85.59807 with std= 1.794774 valid_cost= 90.57725
378 train_cost= 85.5786 with std= 1.8480649 valid_cost= 90.444565
379 train_cost= 85.601166 with std= 1.7555033 valid_cost= 90.56148
380 train_cost= 85.78315 with std= 1.8727939 valid_cost= 90.49743
381 train_cost= 85.65714 with std= 1.6657068 valid_cost= 90.54116
382 train_cost= 85.637215 with std= 1.8446136 valid_cost= 90.15391
383 train_cost= 85.51058 with std= 1.9418778 valid_cost= 90.49442
384 train_cost= 85.56429 with std= 1.7686701 valid_cost= 90.48332
385 train_cost= 85.622215 with std= 1.8095902 valid_cost= 90.4415
386 train_cost= 85.43838 with std= 1.7706047 valid_cost= 90.33321
387 train_cost= 85.41979 with std= 1.7579095 valid_cost= 90.158714
388 train_cost= 85.23574 with std= 1.7926056 valid_cost= 90.16873
389 train_cost= 85.19922 with std= 1.816162 valid_cost= 90.11368
390 train_cost= 85.19448 with std= 1.6892685 valid_cost= 90.362465
391 train_cost= 85.23847 with std= 1.6202002 valid_cost= 90.1253
392 train_cost= 85.08624 with std= 1.6196407 valid_cost= 90.204666
393 train_cost= 85.26645 with std= 1.9007123 valid_cost= 90.072014
394 train_cost= 85.25152 with std= 1.6737891 valid_cost= 90.26261
395 train_cost= 85.21418 with std= 1.6510091 valid_cost= 90.15283
396 train_cost= 85.1395 with std= 1.6557122 valid_cost= 90.23665
397 train_cost= 85.129974 with std= 1.7768233 valid_cost= 90.226234
398 train_cost= 85.19663 with std= 1.7121269 valid_cost= 90.0863
399 train_cost= 85.0754 with std= 1.7761166 valid_cost= 90.03871
400 train_cost= 84.97225 with std= 1.5770304 valid_cost= 90.17763
401 train_cost= 84.984535 with std= 1.667012 valid_cost= 90.04527
402 train_cost= 85.02016 with std= 1.7599866 valid_cost= 89.970634
403 train_cost= 84.949585 with std= 1.7677221 valid_cost= 89.83345
404 train_cost= 84.86435 with std= 1.5025234 valid_cost= 90.11558
405 train_cost= 84.94177 with std= 1.8186057 valid_cost= 90.10151
406 train_cost= 85.01775 with std= 1.801262 valid_cost= 89.976
407 train_cost= 84.98095 with std= 1.7191604 valid_cost= 90.200516
408 train_cost= 85.00539 with std= 1.8257636 valid_cost= 90.25019
409 train_cost= 84.82158 with std= 1.7271414 valid_cost= 90.02324
410 train_cost= 84.84341 with std= 1.6779317 valid_cost= 90.16415
411 train_cost= 84.866104 with std= 1.6154478 valid_cost= 90.17927
412 train_cost= 84.82061 with std= 1.6584398 valid_cost= 90.09557
413 train_cost= 84.77332 with std= 1.826713 valid_cost= 89.97485
414 train_cost= 84.77192 with std= 1.604999 valid_cost= 89.8806
415 train_cost= 84.77403 with std= 1.7156061 valid_cost= 89.888885
416 train_cost= 84.65618 with std= 1.6858269 valid_cost= 89.60525
417 train_cost= 84.72328 with std= 1.7588071 valid_cost= 89.72905
418 train_cost= 84.74105 with std= 1.7237662 valid_cost= 89.79071
419 train_cost= 84.73854 with std= 1.7884686 valid_cost= 89.85526
420 train_cost= 84.728424 with std= 1.7354801 valid_cost= 90.1363
421 train_cost= 84.703354 with std= 1.626367 valid_cost= 90.08304
422 train_cost= 84.56835 with std= 1.6894239 valid_cost= 89.86756
423 train_cost= 84.587425 with std= 1.7258362 valid_cost= 89.65279
424 train_cost= 84.48227 with std= 1.8472968 valid_cost= 89.604164
425 train_cost= 84.39368 with std= 1.7451432 valid_cost= 89.77107
426 train_cost= 84.34165 with std= 1.6164992 valid_cost= 89.754524
427 train_cost= 84.3768 with std= 1.6663051 valid_cost= 89.54396
428 train_cost= 84.313385 with std= 1.6718976 valid_cost= 89.713776
429 train_cost= 84.31023 with std= 1.6806812 valid_cost= 89.33069
430 train_cost= 84.32652 with std= 1.7712226 valid_cost= 89.65504
431 train_cost= 84.36651 with std= 1.6561091 valid_cost= 89.45671
432 train_cost= 84.30924 with std= 1.6065956 valid_cost= 89.520966
433 train_cost= 84.35372 with std= 1.6619614 valid_cost= 89.4277
434 train_cost= 84.17921 with std= 1.6477599 valid_cost= 89.44496
435 train_cost= 84.12471 with std= 1.7154155 valid_cost= 89.3734
436 train_cost= 84.22792 with std= 1.7540905 valid_cost= 89.41061
437 train_cost= 84.25486 with std= 1.5467786 valid_cost= 89.46975
438 train_cost= 84.287285 with std= 1.7114296 valid_cost= 89.30167
439 train_cost= 84.25034 with std= 1.6829079 valid_cost= 89.41252
440 train_cost= 84.19218 with std= 1.5339851 valid_cost= 89.37504
441 train_cost= 84.23115 with std= 1.7014621 valid_cost= 89.66261
442 train_cost= 84.26395 with std= 1.730979 valid_cost= 89.416664
443 train_cost= 84.31806 with std= 1.7677872 valid_cost= 89.41283
444 train_cost= 84.110275 with std= 1.6973945 valid_cost= 89.54936
445 train_cost= 84.1911 with std= 1.7264076 valid_cost= 89.434525
446 train_cost= 84.08354 with std= 1.7123258 valid_cost= 89.61374
447 train_cost= 83.96601 with std= 1.6103665 valid_cost= 89.430374
448 train_cost= 83.95399 with std= 1.6893754 valid_cost= 89.55898
449 train_cost= 84.029396 with std= 1.7020255 valid_cost= 89.17395
450 train_cost= 84.04183 with std= 1.657112 valid_cost= 89.22133
451 train_cost= 83.95934 with std= 1.7198262 valid_cost= 89.28683
452 train_cost= 83.867165 with std= 1.706497 valid_cost= 89.53656
453 train_cost= 83.91713 with std= 1.6084224 valid_cost= 89.238785
454 train_cost= 83.922485 with std= 1.6099416 valid_cost= 89.22266
455 train_cost= 83.84945 with std= 1.7208118 valid_cost= 89.35348
456 train_cost= 83.82833 with std= 1.7056208 valid_cost= 88.902466
457 train_cost= 83.90553 with std= 1.717705 valid_cost= 89.11682
458 train_cost= 83.78595 with std= 1.7656252 valid_cost= 89.280914
459 train_cost= 83.75117 with std= 1.6912298 valid_cost= 88.8054
460 train_cost= 83.73344 with std= 1.7381089 valid_cost= 89.14043
461 train_cost= 83.67517 with std= 1.6311008 valid_cost= 88.935036
462 train_cost= 83.75355 with std= 1.7956392 valid_cost= 88.87714
463 train_cost= 83.73703 with std= 1.6600385 valid_cost= 89.02351
464 train_cost= 83.671646 with std= 1.6593126 valid_cost= 88.950226
465 train_cost= 83.6813 with std= 1.6796653 valid_cost= 89.04218
466 train_cost= 83.8101 with std= 1.6243865 valid_cost= 88.90464
467 train_cost= 83.7153 with std= 1.6980257 valid_cost= 89.288574
468 train_cost= 83.81311 with std= 1.6790264 valid_cost= 89.01379
469 train_cost= 83.62524 with std= 1.7666522 valid_cost= 88.86985
470 train_cost= 83.481346 with std= 1.7473192 valid_cost= 88.88191
471 train_cost= 83.63995 with std= 1.6974897 valid_cost= 89.06154
472 train_cost= 83.58141 with std= 1.5569854 valid_cost= 88.89956
473 train_cost= 83.61861 with std= 1.6063257 valid_cost= 88.86062
474 train_cost= 83.45708 with std= 1.7393937 valid_cost= 88.750336
475 train_cost= 83.42771 with std= 1.6809273 valid_cost= 88.90746
476 train_cost= 83.43757 with std= 1.62212 valid_cost= 88.56459
477 train_cost= 83.327095 with std= 1.7188009 valid_cost= 88.85475
478 train_cost= 83.296814 with std= 1.663871 valid_cost= 88.74331
479 train_cost= 83.531746 with std= 1.6847258 valid_cost= 88.93754
480 train_cost= 83.40887 with std= 1.6284583 valid_cost= 88.66737
481 train_cost= 83.33307 with std= 1.548059 valid_cost= 88.537384
482 train_cost= 83.406265 with std= 1.6694084 valid_cost= 88.86055
483 train_cost= 83.32074 with std= 1.8051986 valid_cost= 88.6625
484 train_cost= 83.36072 with std= 1.6736571 valid_cost= 89.008026
485 train_cost= 83.30587 with std= 1.5932573 valid_cost= 88.88548
486 train_cost= 83.21595 with std= 1.7814895 valid_cost= 88.781784
487 train_cost= 83.36794 with std= 1.7589766 valid_cost= 88.797035
488 train_cost= 83.45451 with std= 1.6304386 valid_cost= 88.98939
489 train_cost= 83.3551 with std= 1.5607779 valid_cost= 88.83046
490 train_cost= 83.267334 with std= 1.5826228 valid_cost= 88.47233
491 train_cost= 83.34998 with std= 1.8589766 valid_cost= 88.75137
492 train_cost= 83.26409 with std= 1.7369751 valid_cost= 88.91036
493 train_cost= 83.33045 with std= 1.6894276 valid_cost= 88.60039
494 train_cost= 83.244965 with std= 1.6591694 valid_cost= 88.601845
495 train_cost= 83.2708 with std= 1.5631511 valid_cost= 88.6264
496 train_cost= 83.14762 with std= 1.6718438 valid_cost= 88.65671
497 train_cost= 83.16205 with std= 1.7305608 valid_cost= 88.725685
498 train_cost= 83.024765 with std= 1.5644574 valid_cost= 88.89393
499 train_cost= 83.10414 with std= 1.6552505 valid_cost= 88.448654
500 train_cost= 83.00332 with std= 1.6459391 valid_cost= 88.412186
501 train_cost= 83.02199 with std= 1.6241556 valid_cost= 88.48847
502 train_cost= 82.947365 with std= 1.8022097 valid_cost= 88.540436
503 train_cost= 82.884056 with std= 1.6870694 valid_cost= 88.34394
504 train_cost= 83.027695 with std= 1.8091515 valid_cost= 88.48633
505 train_cost= 83.00996 with std= 1.601137 valid_cost= 88.465416
506 train_cost= 82.92973 with std= 1.649802 valid_cost= 88.43844
507 train_cost= 82.89298 with std= 1.6400136 valid_cost= 88.387535
508 train_cost= 82.90979 with std= 1.5741167 valid_cost= 88.33445
509 train_cost= 82.93939 with std= 1.687224 valid_cost= 88.633514
510 train_cost= 82.94002 with std= 1.6385646 valid_cost= 88.53418
511 train_cost= 82.896164 with std= 1.727512 valid_cost= 88.29053
512 train_cost= 82.777725 with std= 1.5388972 valid_cost= 88.30782
513 train_cost= 82.77483 with std= 1.5632076 valid_cost= 88.56667
514 train_cost= 82.795456 with std= 1.5635182 valid_cost= 88.39689
515 train_cost= 82.678185 with std= 1.6890224 valid_cost= 88.28846
516 train_cost= 82.79321 with std= 1.5454291 valid_cost= 88.22749
517 train_cost= 82.665955 with std= 1.6221113 valid_cost= 88.24279
518 train_cost= 82.63821 with std= 1.6804821 valid_cost= 88.16633
519 train_cost= 82.66261 with std= 1.5532415 valid_cost= 88.15017
520 train_cost= 82.685394 with std= 1.7278694 valid_cost= 88.4347
521 train_cost= 82.781105 with std= 1.7724617 valid_cost= 88.182556
522 train_cost= 82.64659 with std= 1.5572368 valid_cost= 88.37581
523 train_cost= 82.44998 with std= 1.6047589 valid_cost= 88.20301
524 train_cost= 82.52406 with std= 1.6473793 valid_cost= 88.44855
525 train_cost= 82.67916 with std= 1.7772824 valid_cost= 88.2595
526 train_cost= 82.56814 with std= 1.6130047 valid_cost= 88.026764
527 train_cost= 82.5639 with std= 1.6280594 valid_cost= 88.15983
528 train_cost= 82.50714 with std= 1.5803729 valid_cost= 88.1767
529 train_cost= 82.55189 with std= 1.6052656 valid_cost= 88.27724
530 train_cost= 82.56631 with std= 1.5485171 valid_cost= 88.16137
531 train_cost= 82.47834 with std= 1.6697981 valid_cost= 88.03046
532 train_cost= 82.47396 with std= 1.7338506 valid_cost= 88.264755
533 train_cost= 82.46311 with std= 1.6378776 valid_cost= 88.214226
534 train_cost= 82.540276 with std= 1.615026 valid_cost= 88.02058
535 train_cost= 82.37622 with std= 1.6223862 valid_cost= 88.05377
536 train_cost= 82.40348 with std= 1.6622456 valid_cost= 87.89009
537 train_cost= 82.344215 with std= 1.5704021 valid_cost= 88.11392
538 train_cost= 82.29056 with std= 1.6637454 valid_cost= 88.13743
539 train_cost= 82.22419 with std= 1.6212721 valid_cost= 88.14782
540 train_cost= 82.36686 with std= 1.6940415 valid_cost= 88.05989
541 train_cost= 82.29553 with std= 1.6257637 valid_cost= 88.012695
542 train_cost= 82.28077 with std= 1.5879244 valid_cost= 88.020935
543 train_cost= 82.36408 with std= 1.587638 valid_cost= 88.49256
544 train_cost= 82.27806 with std= 1.6441863 valid_cost= 87.89224
545 train_cost= 82.27868 with std= 1.6073307 valid_cost= 88.14006
546 train_cost= 82.34236 with std= 1.5252815 valid_cost= 87.91871
547 train_cost= 82.176186 with std= 1.8144445 valid_cost= 87.82445
548 train_cost= 82.32782 with std= 1.6259995 valid_cost= 87.959984
549 train_cost= 82.17932 with std= 1.6432519 valid_cost= 87.78706
550 train_cost= 82.286125 with std= 1.6800143 valid_cost= 88.015785
551 train_cost= 82.23416 with std= 1.7439563 valid_cost= 87.80395
552 train_cost= 82.05706 with std= 1.6481442 valid_cost= 87.75627
553 train_cost= 82.07026 with std= 1.6877456 valid_cost= 88.02351
554 train_cost= 82.142815 with std= 1.6691688 valid_cost= 87.90487
555 train_cost= 82.04615 with std= 1.5901905 valid_cost= 87.9458
556 train_cost= 82.11597 with std= 1.6660758 valid_cost= 88.0116
557 train_cost= 82.14332 with std= 1.7113554 valid_cost= 88.0265
558 train_cost= 82.152176 with std= 1.6448964 valid_cost= 88.00417
559 train_cost= 82.1716 with std= 1.7143775 valid_cost= 88.16029
560 train_cost= 82.149124 with std= 1.650723 valid_cost= 88.04014
561 train_cost= 81.963425 with std= 1.6072712 valid_cost= 87.90844
562 train_cost= 81.83417 with std= 1.684206 valid_cost= 87.80136
563 train_cost= 81.927444 with std= 1.6398929 valid_cost= 88.0126
564 train_cost= 81.94283 with std= 1.7363275 valid_cost= 87.74379
565 train_cost= 81.924706 with std= 1.601249 valid_cost= 87.93897
566 train_cost= 82.06946 with std= 1.6376547 valid_cost= 87.872536
567 train_cost= 81.92419 with std= 1.6229256 valid_cost= 87.88082
568 train_cost= 81.837746 with std= 1.606088 valid_cost= 87.72196
569 train_cost= 81.8167 with std= 1.7190096 valid_cost= 87.860176
570 train_cost= 81.961845 with std= 1.6854732 valid_cost= 87.71915
571 train_cost= 81.96364 with std= 1.8577076 valid_cost= 88.02596
572 train_cost= 81.97547 with std= 1.5613288 valid_cost= 87.78058
573 train_cost= 81.834816 with std= 1.5968535 valid_cost= 87.69291
574 train_cost= 81.72869 with std= 1.716969 valid_cost= 87.55666
575 train_cost= 81.74092 with std= 1.6793983 valid_cost= 87.721
576 train_cost= 81.614174 with std= 1.5938259 valid_cost= 87.57104
577 train_cost= 81.74847 with std= 1.6120499 valid_cost= 87.734535
578 train_cost= 81.75557 with std= 1.7302265 valid_cost= 87.69101
579 train_cost= 81.712585 with std= 1.705866 valid_cost= 87.97509
580 train_cost= 81.74926 with std= 1.6419353 valid_cost= 87.83492
581 train_cost= 81.7204 with std= 1.6222923 valid_cost= 87.773125
582 train_cost= 81.62159 with std= 1.5951797 valid_cost= 87.73215
583 train_cost= 81.5426 with std= 1.7262992 valid_cost= 87.48552
584 train_cost= 81.646126 with std= 1.7489815 valid_cost= 87.85604
585 train_cost= 81.6923 with std= 1.6154743 valid_cost= 87.62344
586 train_cost= 81.63467 with std= 1.6094325 valid_cost= 87.550285
587 train_cost= 81.67982 with std= 1.6623955 valid_cost= 87.45297
588 train_cost= 81.537 with std= 1.7486387 valid_cost= 87.84295
589 train_cost= 81.65985 with std= 1.6461047 valid_cost= 87.6824
590 train_cost= 81.64436 with std= 1.6692477 valid_cost= 87.5678
591 train_cost= 81.49504 with std= 1.6415162 valid_cost= 87.45287
592 train_cost= 81.586296 with std= 1.7715591 valid_cost= 87.71475
593 train_cost= 81.57286 with std= 1.490213 valid_cost= 87.72221
594 train_cost= 81.48787 with std= 1.6352861 valid_cost= 87.58346
595 train_cost= 81.54694 with std= 1.6632273 valid_cost= 87.8264
596 train_cost= 81.48435 with std= 1.5642338 valid_cost= 87.6657
597 train_cost= 81.540665 with std= 1.6075578 valid_cost= 87.72268
598 train_cost= 81.447914 with std= 1.7347764 valid_cost= 87.446976
599 train_cost= 81.308014 with std= 1.5941294 valid_cost= 87.662964
600 train_cost= 81.548805 with std= 1.6355214 valid_cost= 87.76457
601 train_cost= 81.46988 with std= 1.5486372 valid_cost= 87.513626
602 train_cost= 81.5225 with std= 1.63775 valid_cost= 87.65787
603 train_cost= 81.42865 with std= 1.6640282 valid_cost= 87.45983
604 train_cost= 81.52 with std= 1.5888636 valid_cost= 87.35949
605 train_cost= 81.40742 with std= 1.6609268 valid_cost= 87.48547
606 train_cost= 81.403046 with std= 1.5764995 valid_cost= 87.57036
607 train_cost= 81.49337 with std= 1.6830598 valid_cost= 87.55473
608 train_cost= 81.442474 with std= 1.5280787 valid_cost= 87.65657
609 train_cost= 81.30589 with std= 1.6665927 valid_cost= 87.41432
610 train_cost= 81.31329 with std= 1.6140832 valid_cost= 87.6444
611 train_cost= 81.357704 with std= 1.6272855 valid_cost= 87.575485
612 train_cost= 81.35439 with std= 1.6454221 valid_cost= 87.4258
613 train_cost= 81.26454 with std= 1.6571838 valid_cost= 87.46304
614 train_cost= 81.20845 with std= 1.6783595 valid_cost= 87.45639
615 train_cost= 81.285934 with std= 1.6986498 valid_cost= 87.56516
616 train_cost= 81.19475 with std= 1.5861311 valid_cost= 87.61292
617 train_cost= 81.23304 with std= 1.6013511 valid_cost= 87.70214
618 train_cost= 81.27404 with std= 1.6845963 valid_cost= 87.772484
619 train_cost= 81.194336 with std= 1.5980775 valid_cost= 87.45824
620 train_cost= 81.15998 with std= 1.6343994 valid_cost= 87.416306
621 train_cost= 81.09611 with std= 1.5559316 valid_cost= 87.47927
622 train_cost= 81.17992 with std= 1.8091747 valid_cost= 87.572685
623 train_cost= 81.19272 with std= 1.5105222 valid_cost= 87.348724
624 train_cost= 81.08565 with std= 1.6012255 valid_cost= 87.48919
625 train_cost= 81.17417 with std= 1.6302444 valid_cost= 87.38625
626 train_cost= 81.09159 with std= 1.6222618 valid_cost= 87.3399
627 train_cost= 81.15554 with std= 1.4250795 valid_cost= 87.51926
628 train_cost= 81.26179 with std= 1.6345764 valid_cost= 87.57572
629 train_cost= 81.12839 with std= 1.550554 valid_cost= 87.49473
630 train_cost= 81.048195 with std= 1.6628634 valid_cost= 87.31855
631 train_cost= 81.14524 with std= 1.6141093 valid_cost= 87.41173
632 train_cost= 81.02551 with std= 1.686467 valid_cost= 87.55922
633 train_cost= 81.21347 with std= 1.6182364 valid_cost= 87.576515
634 train_cost= 81.04303 with std= 1.4861141 valid_cost= 87.1255
635 train_cost= 81.00036 with std= 1.70142 valid_cost= 87.44718
636 train_cost= 81.06061 with std= 1.5246894 valid_cost= 87.46189
637 train_cost= 81.10756 with std= 1.5748801 valid_cost= 87.50503
638 train_cost= 81.20942 with std= 1.6272318 valid_cost= 87.32788
639 train_cost= 81.09476 with std= 1.6231778 valid_cost= 87.247536
640 train_cost= 81.00137 with std= 1.6346122 valid_cost= 87.384766
641 train_cost= 80.95162 with std= 1.6437479 valid_cost= 87.3464
642 train_cost= 81.03215 with std= 1.6197745 valid_cost= 87.45158
643 train_cost= 80.944275 with std= 1.6107183 valid_cost= 87.43613
644 train_cost= 80.85938 with std= 1.4123831 valid_cost= 87.40316
645 train_cost= 80.965256 with std= 1.5466161 valid_cost= 87.35988
646 train_cost= 80.901505 with std= 1.6155431 valid_cost= 87.557625
647 train_cost= 80.79738 with std= 1.5373527 valid_cost= 87.16392
648 train_cost= 80.73988 with std= 1.535403 valid_cost= 87.0108
649 train_cost= 80.83654 with std= 1.5609136 valid_cost= 87.17352
650 train_cost= 80.84029 with std= 1.7015306 valid_cost= 87.62066
651 train_cost= 80.8032 with std= 1.5196357 valid_cost= 87.19478
652 train_cost= 80.89612 with std= 1.5820091 valid_cost= 87.518875
653 train_cost= 80.88125 with std= 1.5433306 valid_cost= 87.29294
654 train_cost= 80.87922 with std= 1.4727012 valid_cost= 87.14355
655 train_cost= 80.871376 with std= 1.4749631 valid_cost= 87.21569
656 train_cost= 80.89077 with std= 1.6018819 valid_cost= 87.287926
657 train_cost= 80.84886 with std= 1.5918509 valid_cost= 87.1451
658 train_cost= 80.77138 with std= 1.5646759 valid_cost= 87.23843
659 train_cost= 80.87284 with std= 1.5967381 valid_cost= 87.32455
660 train_cost= 80.73614 with std= 1.5778166 valid_cost= 87.240776
661 train_cost= 80.76371 with std= 1.5667228 valid_cost= 87.21116
662 train_cost= 80.786446 with std= 1.5410609 valid_cost= 87.34653
663 train_cost= 80.849144 with std= 1.6489681 valid_cost= 87.44314
664 train_cost= 80.874405 with std= 1.7315782 valid_cost= 87.10917
665 train_cost= 80.84921 with std= 1.656731 valid_cost= 87.20739
666 train_cost= 80.80807 with std= 1.5755793 valid_cost= 87.43717
667 train_cost= 80.87055 with std= 1.6757668 valid_cost= 87.36095
668 train_cost= 80.901596 with std= 1.566748 valid_cost= 87.18955
669 train_cost= 80.696846 with std= 1.6829258 valid_cost= 87.26372
670 train_cost= 80.65363 with std= 1.6263378 valid_cost= 87.16387
671 train_cost= 80.63365 with std= 1.7488183 valid_cost= 87.159966
672 train_cost= 80.65216 with std= 1.5394105 valid_cost= 87.33605
673 train_cost= 80.66589 with std= 1.6745906 valid_cost= 87.296135
674 train_cost= 80.59658 with std= 1.5700659 valid_cost= 87.05939
675 train_cost= 80.59566 with std= 1.6111137 valid_cost= 87.152664
676 train_cost= 80.51434 with std= 1.5572734 valid_cost= 87.127045
677 train_cost= 80.55916 with std= 1.5806665 valid_cost= 87.127625
678 train_cost= 80.58753 with std= 1.578223 valid_cost= 87.26542
679 train_cost= 80.45765 with std= 1.693976 valid_cost= 86.96751
680 train_cost= 80.492386 with std= 1.539118 valid_cost= 87.185844
681 train_cost= 80.60446 with std= 1.595266 valid_cost= 87.0736
682 train_cost= 80.55978 with std= 1.7234848 valid_cost= 87.18963
683 train_cost= 80.46107 with std= 1.4941564 valid_cost= 87.04709
684 train_cost= 80.44175 with std= 1.5453967 valid_cost= 87.11055
685 train_cost= 80.52512 with std= 1.5490003 valid_cost= 87.23685
686 train_cost= 80.40104 with std= 1.5272819 valid_cost= 87.009026
687 train_cost= 80.37149 with std= 1.5283134 valid_cost= 87.2315
688 train_cost= 80.38944 with std= 1.5868142 valid_cost= 87.17135
689 train_cost= 80.44497 with std= 1.6873305 valid_cost= 87.035545
690 train_cost= 80.448944 with std= 1.6104751 valid_cost= 86.9792
691 train_cost= 80.465195 with std= 1.6873063 valid_cost= 87.14987
692 train_cost= 80.35232 with std= 1.5543829 valid_cost= 86.974625
693 train_cost= 80.230934 with std= 1.5722251 valid_cost= 87.29015
694 train_cost= 80.46964 with std= 1.5363507 valid_cost= 87.13829
695 train_cost= 80.42726 with std= 1.4570097 valid_cost= 87.21887
696 train_cost= 80.469185 with std= 1.5236305 valid_cost= 87.1852
697 train_cost= 80.44325 with std= 1.6687475 valid_cost= 87.4643
698 train_cost= 80.38253 with std= 1.6501814 valid_cost= 87.20085
699 train_cost= 80.32319 with std= 1.4378365 valid_cost= 87.09618
700 train_cost= 80.29973 with std= 1.5562648 valid_cost= 87.045586
701 train_cost= 80.356346 with std= 1.6579119 valid_cost= 86.94494
702 train_cost= 80.35966 with std= 1.5183171 valid_cost= 87.05298
703 train_cost= 80.23208 with std= 1.6401205 valid_cost= 86.9323
704 train_cost= 80.3248 with std= 1.5079225 valid_cost= 87.31148
705 train_cost= 80.33338 with std= 1.6419215 valid_cost= 87.0504
706 train_cost= 80.267845 with std= 1.7534125 valid_cost= 87.299
707 train_cost= 80.32895 with std= 1.4944618 valid_cost= 87.26474
708 train_cost= 80.35773 with std= 1.6631505 valid_cost= 87.19739
709 train_cost= 80.25923 with std= 1.5947691 valid_cost= 87.105865
710 train_cost= 80.228966 with std= 1.5347855 valid_cost= 87.08378
711 train_cost= 80.20065 with std= 1.5601147 valid_cost= 86.90276
712 train_cost= 80.18935 with std= 1.5400194 valid_cost= 86.918236
713 train_cost= 80.237114 with std= 1.6591417 valid_cost= 87.17182
714 train_cost= 80.30494 with std= 1.4213877 valid_cost= 87.102165
715 train_cost= 80.268654 with std= 1.6554332 valid_cost= 87.14306
716 train_cost= 80.44862 with std= 1.5559072 valid_cost= 87.23035
717 train_cost= 80.27169 with std= 1.707369 valid_cost= 87.15094
718 train_cost= 80.26284 with std= 1.42697 valid_cost= 87.27922
719 train_cost= 80.287 with std= 1.5136615 valid_cost= 87.36461
720 train_cost= 80.17277 with std= 1.5959865 valid_cost= 87.016045
721 train_cost= 80.24757 with std= 1.5267184 valid_cost= 87.04496
722 train_cost= 80.27244 with std= 1.6238058 valid_cost= 87.569984
723 train_cost= 80.13222 with std= 1.6660802 valid_cost= 87.283134
724 train_cost= 80.1446 with std= 1.5955497 valid_cost= 87.254074
725 train_cost= 80.19699 with std= 1.5677695 valid_cost= 87.152084
726 train_cost= 80.23324 with std= 1.6183958 valid_cost= 87.12239
727 train_cost= 80.12996 with std= 1.6322488 valid_cost= 87.10469
728 train_cost= 80.060776 with std= 1.5758927 valid_cost= 87.13702
729 train_cost= 80.17583 with std= 1.5101216 valid_cost= 87.152435
730 train_cost= 80.13934 with std= 1.5888367 valid_cost= 87.19109
731 train_cost= 80.16806 with std= 1.6120722 valid_cost= 87.23661
732 train_cost= 80.20478 with std= 1.6141934 valid_cost= 87.08322
733 train_cost= 79.93252 with std= 1.6985621 valid_cost= 86.95878
734 train_cost= 79.98951 with std= 1.558474 valid_cost= 87.26701
735 train_cost= 80.13394 with std= 1.5540702 valid_cost= 86.97261
736 train_cost= 80.033676 with std= 1.5360569 valid_cost= 86.988525
737 train_cost= 79.859055 with std= 1.5976993 valid_cost= 87.10085
738 train_cost= 79.93267 with std= 1.5895367 valid_cost= 87.22418
739 train_cost= 80.08425 with std= 1.5373385 valid_cost= 87.07282
740 train_cost= 79.91755 with std= 1.5475216 valid_cost= 86.99111
741 train_cost= 79.91599 with std= 1.6515342 valid_cost= 87.14022
742 train_cost= 80.02744 with std= 1.5901023 valid_cost= 87.01562
743 train_cost= 79.958664 with std= 1.4370986 valid_cost= 87.11852
744 train_cost= 79.89001 with std= 1.5897331 valid_cost= 87.082794
745 train_cost= 79.94662 with std= 1.5382686 valid_cost= 87.19243
746 train_cost= 79.848335 with std= 1.4934275 valid_cost= 86.86585
747 train_cost= 79.89091 with std= 1.5751141 valid_cost= 86.966576
748 train_cost= 79.86213 with std= 1.5369319 valid_cost= 87.21251
749 train_cost= 79.89715 with std= 1.5360948 valid_cost= 87.17756
750 train_cost= 79.97527 with std= 1.6363071 valid_cost= 86.971634
751 train_cost= 79.94701 with std= 1.556142 valid_cost= 86.98819
752 train_cost= 79.81162 with std= 1.4781626 valid_cost= 86.9291
753 train_cost= 79.94987 with std= 1.6717451 valid_cost= 87.22676
754 train_cost= 79.919106 with std= 1.431797 valid_cost= 87.01212
755 train_cost= 79.81497 with std= 1.5926169 valid_cost= 86.977325
756 train_cost= 79.931694 with std= 1.6968117 valid_cost= 87.091835
757 train_cost= 79.853775 with std= 1.583359 valid_cost= 86.94471
758 train_cost= 79.90675 with std= 1.5778667 valid_cost= 87.11629
759 train_cost= 79.89275 with std= 1.4315579 valid_cost= 87.01867
760 train_cost= 79.68888 with std= 1.5949891 valid_cost= 86.706276
761 train_cost= 79.5729 with std= 1.5917183 valid_cost= 86.921234
762 train_cost= 79.71722 with std= 1.5687742 valid_cost= 86.97001
763 train_cost= 79.77147 with std= 1.5402007 valid_cost= 87.16349
764 train_cost= 79.675026 with std= 1.5464492 valid_cost= 86.9567
765 train_cost= 79.76045 with std= 1.556766 valid_cost= 86.99629
766 train_cost= 79.773994 with std= 1.5056689 valid_cost= 86.82739
767 train_cost= 79.659645 with std= 1.5066717 valid_cost= 86.910484
768 train_cost= 79.68229 with std= 1.6057526 valid_cost= 87.10598
769 train_cost= 79.75851 with std= 1.4458742 valid_cost= 87.042206
770 train_cost= 79.76973 with std= 1.536651 valid_cost= 87.19704
771 train_cost= 79.72938 with std= 1.4931536 valid_cost= 86.98972
772 train_cost= 79.70505 with std= 1.616161 valid_cost= 86.935616
773 train_cost= 79.66717 with std= 1.568626 valid_cost= 86.82984
774 train_cost= 79.6561 with std= 1.6115471 valid_cost= 86.965385
775 train_cost= 79.64027 with std= 1.5238352 valid_cost= 87.051414
776 train_cost= 79.64183 with std= 1.593244 valid_cost= 87.161095
777 train_cost= 79.482086 with std= 1.5587611 valid_cost= 86.717
778 train_cost= 79.51111 with std= 1.5086544 valid_cost= 86.94079
779 train_cost= 79.56443 with std= 1.625096 valid_cost= 86.83662
780 train_cost= 79.58557 with std= 1.6047586 valid_cost= 87.04169
781 train_cost= 79.62534 with std= 1.6275158 valid_cost= 87.11738
782 train_cost= 79.69128 with std= 1.5571533 valid_cost= 87.0468
783 train_cost= 79.67799 with std= 1.6094761 valid_cost= 86.96285
784 train_cost= 79.6029 with std= 1.5172298 valid_cost= 87.00409
785 train_cost= 79.58362 with std= 1.6564753 valid_cost= 86.916855
786 train_cost= 79.50978 with std= 1.4137703 valid_cost= 87.15121
787 train_cost= 79.559975 with std= 1.5634084 valid_cost= 86.98882
788 train_cost= 79.666176 with std= 1.5682338 valid_cost= 86.992096
789 train_cost= 79.5716 with std= 1.5395067 valid_cost= 86.8276
790 train_cost= 79.43879 with std= 1.4536077 valid_cost= 86.771515
791 train_cost= 79.488045 with std= 1.6386966 valid_cost= 86.870834
792 train_cost= 79.51291 with std= 1.5017183 valid_cost= 86.66753
793 train_cost= 79.649414 with std= 1.4910828 valid_cost= 86.9683
794 train_cost= 79.64852 with std= 1.5647912 valid_cost= 86.83546
795 train_cost= 79.69058 with std= 1.548908 valid_cost= 86.98226
796 train_cost= 79.675026 with std= 1.5426483 valid_cost= 86.70372
797 train_cost= 79.49629 with std= 1.6858653 valid_cost= 86.68467
798 train_cost= 79.565384 with std= 1.585567 valid_cost= 86.68679
799 train_cost= 79.53196 with std= 1.4935185 valid_cost= 87.0216
800 train_cost= 79.55947 with std= 1.4444048 valid_cost= 87.00546
801 train_cost= 79.61267 with std= 1.5651394 valid_cost= 86.87845
802 train_cost= 79.68912 with std= 1.5460104 valid_cost= 87.228645
803 train_cost= 79.61331 with std= 1.5444484 valid_cost= 87.26464
804 train_cost= 79.500496 with std= 1.6484188 valid_cost= 86.73471
805 train_cost= 79.48033 with std= 1.5068446 valid_cost= 87.02974
806 train_cost= 79.544106 with std= 1.6411546 valid_cost= 86.783806
807 train_cost= 79.46287 with std= 1.5377179 valid_cost= 86.84984
808 train_cost= 79.51535 with std= 1.5878545 valid_cost= 86.73935
809 train_cost= 79.361435 with std= 1.5809329 valid_cost= 86.739525
810 train_cost= 79.40905 with std= 1.6075294 valid_cost= 86.86417
811 train_cost= 79.428406 with std= 1.4454117 valid_cost= 87.063416
812 train_cost= 79.358986 with std= 1.6182113 valid_cost= 86.86873
813 train_cost= 79.37601 with std= 1.5880334 valid_cost= 86.9089
814 train_cost= 79.420906 with std= 1.5435666 valid_cost= 86.793175
815 train_cost= 79.34603 with std= 1.583939 valid_cost= 86.92801
816 train_cost= 79.45451 with std= 1.5577439 valid_cost= 86.95288
817 train_cost= 79.42131 with std= 1.6154735 valid_cost= 86.91181
818 train_cost= 79.32476 with std= 1.6030912 valid_cost= 86.85148
819 train_cost= 79.46583 with std= 1.5114425 valid_cost= 86.82264
820 train_cost= 79.38785 with std= 1.5307784 valid_cost= 86.846535
821 train_cost= 79.45479 with std= 1.5097048 valid_cost= 86.803986
822 train_cost= 79.25804 with std= 1.6675109 valid_cost= 86.79707
823 train_cost= 79.31418 with std= 1.5466932 valid_cost= 86.71427
824 train_cost= 79.32626 with std= 1.5963984 valid_cost= 86.692154
825 train_cost= 79.361916 with std= 1.5941387 valid_cost= 87.02626
826 train_cost= 79.456154 with std= 1.4907026 valid_cost= 86.98132
827 train_cost= 79.412895 with std= 1.544573 valid_cost= 86.85917
828 train_cost= 79.406006 with std= 1.5305887 valid_cost= 86.98719
829 train_cost= 79.39684 with std= 1.6074197 valid_cost= 86.86611
830 train_cost= 79.36842 with std= 1.5851371 valid_cost= 86.813
831 train_cost= 79.514565 with std= 1.5582081 valid_cost= 86.8029
832 train_cost= 79.44805 with std= 1.6064347 valid_cost= 86.87478
833 train_cost= 79.39946 with std= 1.5026925 valid_cost= 86.91819
834 train_cost= 79.43 with std= 1.6588122 valid_cost= 86.812904
835 train_cost= 79.36826 with std= 1.4814906 valid_cost= 86.88311
836 train_cost= 79.38342 with std= 1.5259447 valid_cost= 86.79883
837 train_cost= 79.35239 with std= 1.5058775 valid_cost= 86.75376
838 train_cost= 79.36155 with std= 1.6092447 valid_cost= 86.95339
839 train_cost= 79.34682 with std= 1.563254 valid_cost= 86.75928
840 train_cost= 79.37591 with std= 1.5274831 valid_cost= 86.98906
841 train_cost= 79.41655 with std= 1.5189934 valid_cost= 86.832565
842 train_cost= 79.27145 with std= 1.579317 valid_cost= 86.70027
843 train_cost= 79.29631 with std= 1.5603604 valid_cost= 87.00918
844 train_cost= 79.2992 with std= 1.6107763 valid_cost= 86.761604
845 train_cost= 79.285995 with std= 1.4484845 valid_cost= 86.94597
846 train_cost= 79.20099 with std= 1.5300009 valid_cost= 86.69896
847 train_cost= 79.28305 with std= 1.6479092 valid_cost= 86.815285
848 train_cost= 79.20698 with std= 1.6271479 valid_cost= 87.06818
849 train_cost= 79.28825 with std= 1.5065521 valid_cost= 87.0987
850 train_cost= 79.14098 with std= 1.492605 valid_cost= 87.027466
851 train_cost= 79.34645 with std= 1.6204969 valid_cost= 86.944084
852 train_cost= 79.31938 with std= 1.5304666 valid_cost= 86.98279
853 train_cost= 79.31697 with std= 1.5589851 valid_cost= 86.98143
854 train_cost= 79.2736 with std= 1.4957153 valid_cost= 86.94841
855 train_cost= 79.31081 with std= 1.5483334 valid_cost= 87.051155
856 train_cost= 79.34814 with std= 1.4740844 valid_cost= 86.866135
857 train_cost= 79.253105 with std= 1.5709833 valid_cost= 86.82963
858 train_cost= 79.20093 with std= 1.5674295 valid_cost= 86.95934
859 train_cost= 79.20313 with std= 1.505123 valid_cost= 86.79674
860 train_cost= 79.10668 with std= 1.4875757 valid_cost= 86.6334
861 train_cost= 79.07403 with std= 1.4830945 valid_cost= 86.816315
862 train_cost= 79.07557 with std= 1.5691928 valid_cost= 86.86096
863 train_cost= 79.179634 with std= 1.4894083 valid_cost= 86.7116
864 train_cost= 79.1817 with std= 1.5736814 valid_cost= 86.74751
865 train_cost= 79.09492 with std= 1.5861744 valid_cost= 86.88018
866 train_cost= 79.19316 with std= 1.5431284 valid_cost= 86.79169
867 train_cost= 79.15492 with std= 1.6740373 valid_cost= 86.95825
868 train_cost= 79.192345 with std= 1.5646572 valid_cost= 86.84591
869 train_cost= 79.172325 with std= 1.5789908 valid_cost= 87.07655
870 train_cost= 79.34074 with std= 1.505233 valid_cost= 86.937836
871 train_cost= 79.34403 with std= 1.5811647 valid_cost= 86.930664
872 train_cost= 79.36555 with std= 1.6165861 valid_cost= 87.09994
873 train_cost= 79.23096 with std= 1.5463853 valid_cost= 86.82929
874 train_cost= 79.039825 with std= 1.5001612 valid_cost= 86.58706
875 train_cost= 79.08408 with std= 1.5560967 valid_cost= 86.75969
876 train_cost= 79.13784 with std= 1.568269 valid_cost= 86.79488
877 train_cost= 78.99172 with std= 1.4891913 valid_cost= 86.73014
878 train_cost= 78.97511 with std= 1.4256335 valid_cost= 86.76037
879 train_cost= 79.03277 with std= 1.6064762 valid_cost= 86.7505
880 train_cost= 79.02444 with std= 1.4748425 valid_cost= 86.81952
881 train_cost= 78.98291 with std= 1.6229657 valid_cost= 86.71703
882 train_cost= 78.9589 with std= 1.5826906 valid_cost= 86.84662
883 train_cost= 78.954025 with std= 1.5549246 valid_cost= 86.79672
884 train_cost= 79.015076 with std= 1.5305439 valid_cost= 86.932526
885 train_cost= 79.01548 with std= 1.67403 valid_cost= 86.730385
886 train_cost= 79.00169 with std= 1.5270423 valid_cost= 86.937325
887 train_cost= 78.9152 with std= 1.5479774 valid_cost= 86.694
888 train_cost= 78.94616 with std= 1.5251602 valid_cost= 86.91005
889 train_cost= 79.05736 with std= 1.5283933 valid_cost= 86.79838
890 train_cost= 78.98003 with std= 1.477476 valid_cost= 86.92544
891 train_cost= 79.022736 with std= 1.4751537 valid_cost= 86.64465
892 train_cost= 79.08085 with std= 1.5467144 valid_cost= 86.80506
893 train_cost= 79.015656 with std= 1.546018 valid_cost= 86.97939
894 train_cost= 78.93714 with std= 1.4706008 valid_cost= 86.82049
895 train_cost= 78.9407 with std= 1.5700859 valid_cost= 87.0111
896 train_cost= 79.01052 with std= 1.485944 valid_cost= 86.7924
897 train_cost= 78.97343 with std= 1.4644856 valid_cost= 86.93513
898 train_cost= 78.95912 with std= 1.5166582 valid_cost= 86.87287
899 train_cost= 78.88149 with std= 1.51244 valid_cost= 86.6466
900 train_cost= 78.9727 with std= 1.4666047 valid_cost= 86.61215
901 train_cost= 78.959076 with std= 1.4818106 valid_cost= 86.73557
902 train_cost= 78.890015 with std= 1.5599891 valid_cost= 86.931015
903 train_cost= 78.94984 with std= 1.5528432 valid_cost= 87.31352
904 train_cost= 78.89987 with std= 1.581059 valid_cost= 86.85056
905 train_cost= 79.0446 with std= 1.5685632 valid_cost= 86.83599
906 train_cost= 78.89434 with std= 1.6073105 valid_cost= 86.806465
907 train_cost= 78.79016 with std= 1.4716597 valid_cost= 86.820564
908 train_cost= 78.9251 with std= 1.5253683 valid_cost= 86.84892
909 train_cost= 79.01302 with std= 1.5350856 valid_cost= 86.901085
910 train_cost= 78.89817 with std= 1.5195053 valid_cost= 86.96364
911 train_cost= 78.8557 with std= 1.5098608 valid_cost= 86.621574
912 train_cost= 78.88151 with std= 1.5964224 valid_cost= 86.911674
913 train_cost= 78.83434 with std= 1.7476053 valid_cost= 86.89794
914 train_cost= 78.990456 with std= 1.5031369 valid_cost= 86.961426
915 train_cost= 78.83301 with std= 1.60905 valid_cost= 86.78549
916 train_cost= 78.97081 with std= 1.5825421 valid_cost= 86.931114
917 train_cost= 78.92933 with std= 1.5350099 valid_cost= 87.13574
918 train_cost= 78.94125 with std= 1.4874661 valid_cost= 87.06238
919 train_cost= 78.89819 with std= 1.4968044 valid_cost= 86.78659
920 train_cost= 78.9509 with std= 1.5678688 valid_cost= 86.788925
921 train_cost= 78.92773 with std= 1.506957 valid_cost= 86.835754
922 train_cost= 79.12467 with std= 1.5517575 valid_cost= 87.03489
923 train_cost= 78.96707 with std= 1.6128353 valid_cost= 87.07611
924 train_cost= 78.88987 with std= 1.5410807 valid_cost= 86.89185
925 train_cost= 78.82158 with std= 1.5879506 valid_cost= 86.88143
926 train_cost= 78.88711 with std= 1.5293157 valid_cost= 86.98371
927 train_cost= 78.85377 with std= 1.509939 valid_cost= 87.04071
928 train_cost= 78.73699 with std= 1.4403015 valid_cost= 86.937225
929 train_cost= 78.69116 with std= 1.5180811 valid_cost= 86.72005
930 train_cost= 78.77967 with std= 1.4787083 valid_cost= 86.85227
931 train_cost= 78.77778 with std= 1.4850711 valid_cost= 86.86756
932 train_cost= 78.681206 with std= 1.4305626 valid_cost= 86.895775
933 train_cost= 78.79447 with std= 1.589443 valid_cost= 86.696556
934 train_cost= 78.721825 with std= 1.5447536 valid_cost= 86.98077
935 train_cost= 78.77527 with std= 1.5528009 valid_cost= 86.6744
936 train_cost= 78.85358 with std= 1.5743546 valid_cost= 86.93476
937 train_cost= 78.64448 with std= 1.5955021 valid_cost= 86.74148
938 train_cost= 78.90846 with std= 1.7174735 valid_cost= 87.00375
939 train_cost= 78.72087 with std= 1.5902892 valid_cost= 86.98837
940 train_cost= 78.74372 with std= 1.6192857 valid_cost= 86.9551
941 train_cost= 78.827255 with std= 1.5254956 valid_cost= 87.21979
942 train_cost= 78.77059 with std= 1.5048814 valid_cost= 87.12512
943 train_cost= 78.64107 with std= 1.4834937 valid_cost= 86.74365
944 train_cost= 78.632 with std= 1.5948653 valid_cost= 86.88057
945 train_cost= 78.54209 with std= 1.5814638 valid_cost= 86.610725
946 train_cost= 78.68384 with std= 1.4404672 valid_cost= 86.8269
947 train_cost= 78.727356 with std= 1.4818877 valid_cost= 86.95539
948 train_cost= 78.52591 with std= 1.5429744 valid_cost= 86.88904
949 train_cost= 78.60974 with std= 1.4662719 valid_cost= 86.840965
950 train_cost= 78.51727 with std= 1.554836 valid_cost= 86.71585
951 train_cost= 78.58963 with std= 1.4640062 valid_cost= 86.87079
952 train_cost= 78.67653 with std= 1.5523493 valid_cost= 86.96611
953 train_cost= 78.64969 with std= 1.482811 valid_cost= 86.70819
954 train_cost= 78.654144 with std= 1.4498506 valid_cost= 86.90704
955 train_cost= 78.7945 with std= 1.5674837 valid_cost= 86.84246
956 train_cost= 78.666306 with std= 1.6105995 valid_cost= 86.643364
957 train_cost= 78.6994 with std= 1.4781449 valid_cost= 87.0666
958 train_cost= 78.7112 with std= 1.4409987 valid_cost= 87.188126
959 train_cost= 78.791916 with std= 1.5263886 valid_cost= 86.857315
960 train_cost= 78.64429 with std= 1.3967267 valid_cost= 86.85567
961 train_cost= 78.72032 with std= 1.5369911 valid_cost= 87.00496
962 train_cost= 78.58734 with std= 1.441343 valid_cost= 86.95266
963 train_cost= 78.69591 with std= 1.4372799 valid_cost= 87.03058
964 train_cost= 78.71432 with std= 1.499212 valid_cost= 87.01402
965 train_cost= 78.65658 with std= 1.7149699 valid_cost= 86.92223
966 train_cost= 78.61705 with std= 1.512189 valid_cost= 86.97214
967 train_cost= 78.62228 with std= 1.3581356 valid_cost= 86.9435
968 train_cost= 78.47559 with std= 1.5163058 valid_cost= 87.029686
969 train_cost= 78.666275 with std= 1.3955934 valid_cost= 86.85262
970 train_cost= 78.54625 with std= 1.5017658 valid_cost= 86.96187
971 train_cost= 78.634346 with std= 1.5461282 valid_cost= 87.032486
972 train_cost= 78.57837 with std= 1.4887235 valid_cost= 87.06669
973 train_cost= 78.49667 with std= 1.4821622 valid_cost= 86.93775
974 train_cost= 78.500565 with std= 1.4200855 valid_cost= 86.97654
975 train_cost= 78.61529 with std= 1.5565431 valid_cost= 86.863884
976 train_cost= 78.49271 with std= 1.4396787 valid_cost= 87.00254
977 train_cost= 78.54611 with std= 1.5143021 valid_cost= 87.186035
978 train_cost= 78.56902 with std= 1.4125634 valid_cost= 86.87679
979 train_cost= 78.57377 with std= 1.5417567 valid_cost= 87.014694
980 train_cost= 78.4577 with std= 1.6018248 valid_cost= 86.78044
981 train_cost= 78.447365 with std= 1.5440989 valid_cost= 86.94841
982 train_cost= 78.50033 with std= 1.4967638 valid_cost= 86.972916
983 train_cost= 78.50064 with std= 1.5520295 valid_cost= 86.920815
984 train_cost= 78.57635 with std= 1.5562164 valid_cost= 87.2627
985 train_cost= 78.64663 with std= 1.587114 valid_cost= 86.8256
986 train_cost= 78.537285 with std= 1.5606914 valid_cost= 87.10794
987 train_cost= 78.46603 with std= 1.5205308 valid_cost= 87.185616
988 train_cost= 78.49102 with std= 1.4765402 valid_cost= 86.90306
989 train_cost= 78.53374 with std= 1.4838319 valid_cost= 86.957085
990 train_cost= 78.56084 with std= 1.4460578 valid_cost= 87.29221
991 train_cost= 78.39707 with std= 1.461474 valid_cost= 87.038185
992 train_cost= 78.47617 with std= 1.4860932 valid_cost= 87.181366
993 train_cost= 78.44872 with std= 1.6182616 valid_cost= 87.04438
994 train_cost= 78.48882 with std= 1.5656554 valid_cost= 87.05061
995 train_cost= 78.4848 with std= 1.6137772 valid_cost= 87.05898
996 train_cost= 78.49158 with std= 1.6376739 valid_cost= 87.05757
997 train_cost= 78.42611 with std= 1.4804188 valid_cost= 87.08793
998 train_cost= 78.42814 with std= 1.5130284 valid_cost= 87.11873
999 train_cost= 78.39615 with std= 1.5058336 valid_cost= 87.147675
